2025-03-25 12:23:09 - INFO - --------------INICIANDO PROCESO ETL...--------------
2025-03-25 12:23:09 - ERROR - La base de datos 'erp' no está lista todavía...: connection to server at "erp" (172.19.0.2), port 5432 failed: Connection refused
	Is the server running on that host and accepting TCP/IP connections?

2025-03-25 12:23:14 - ERROR - La base de datos 'erp' no está lista todavía...: connection to server at "erp" (172.19.0.2), port 5432 failed: Connection refused
	Is the server running on that host and accepting TCP/IP connections?

2025-03-25 12:23:19 - INFO - Conexión a la base de datos 'erp' exitosa.
2025-03-25 12:23:19 - INFO - Conexión a la base de datos 'bi' exitosa.
2025-03-25 12:23:19 - INFO - Reiniciando la base de datos 'bi'...
2025-03-25 12:23:19 - INFO - Intentando conectar a la base de datos...
2025-03-25 12:23:19 - INFO - Base de datos 'bi' eliminada y recreada correctamente.
2025-03-25 12:23:19 - INFO - Intentando conectar a la base de datos...
2025-03-25 12:23:19 - INFO - Estructura de la base de datos 'bi' cargada desde bi_schema.sql.
2025-03-25 12:23:19 - INFO - Intentando conectar a la base de datos...
2025-03-25 12:23:19 - INFO - Tabla etl_ready reiniciada (vacía).
2025-03-25 12:23:19 - INFO - Iniciando carga de DimCustomer...
2025-03-25 12:23:19 - INFO - Intentando conectar a la base de datos...
2025-03-25 12:23:19 - INFO - Intentando conectar a la base de datos...
2025-03-25 12:23:19 - INFO - DimCustomer cargado con éxito.
2025-03-25 12:23:19 - INFO - Iniciando carga de DimProduct...
2025-03-25 12:23:19 - INFO - Intentando conectar a la base de datos...
2025-03-25 12:23:19 - INFO - Intentando conectar a la base de datos...
2025-03-25 12:23:20 - INFO - DimProduct cargado con éxito.
2025-03-25 12:23:20 - INFO - Iniciando carga de DimSalesTerritory...
2025-03-25 12:23:20 - INFO - Intentando conectar a la base de datos...
2025-03-25 12:23:20 - INFO - Intentando conectar a la base de datos...
2025-03-25 12:23:20 - INFO - DimSalesTerritory cargado con éxito.
2025-03-25 12:23:20 - INFO - Iniciando carga de DimShipMethod...
2025-03-25 12:23:20 - INFO - Intentando conectar a la base de datos...
2025-03-25 12:23:20 - INFO - Intentando conectar a la base de datos...
2025-03-25 12:23:20 - INFO - DimShipMethod cargado con éxito.
2025-03-25 12:23:20 - INFO - Iniciando carga de DimDate...
2025-03-25 12:23:20 - INFO - Intentando conectar a la base de datos...
2025-03-25 12:23:20 - INFO - DimDate cargado con éxito.
2025-03-25 12:23:20 - INFO - Iniciando carga de FactSales...
2025-03-25 12:23:20 - INFO - Intentando conectar a la base de datos...
2025-03-25 12:23:20 - INFO - Intentando conectar a la base de datos...
2025-03-25 12:25:15 - INFO - FactSales cargada con éxito.
2025-03-25 12:25:15 - INFO - Iniciando carga de DimEmployee...
2025-03-25 12:25:15 - INFO - Intentando conectar a la base de datos...
2025-03-25 12:25:15 - INFO - Intentando conectar a la base de datos...
2025-03-25 12:25:15 - INFO - DimEmployee cargado con éxito.
2025-03-25 12:25:15 - INFO - Iniciando carga de DimVendor...
2025-03-25 12:25:15 - INFO - Intentando conectar a la base de datos...
2025-03-25 12:25:15 - INFO - Intentando conectar a la base de datos...
2025-03-25 12:25:15 - INFO - DimVendor cargado con éxito.
2025-03-25 12:25:15 - INFO - Iniciando carga de DimLocation...
2025-03-25 12:25:15 - INFO - Intentando conectar a la base de datos...
2025-03-25 12:25:15 - INFO - Intentando conectar a la base de datos...
2025-03-25 12:25:15 - INFO - DimLocation cargado con éxito.
2025-03-25 12:25:15 - INFO - Iniciando carga de FactPurchases...
2025-03-25 12:25:15 - INFO - Intentando conectar a la base de datos...
2025-03-25 12:25:15 - INFO - Intentando conectar a la base de datos...
2025-03-25 12:25:17 - INFO - FactPurchases cargada con éxito.
2025-03-25 12:25:17 - INFO - Iniciando carga de FactInventory...
2025-03-25 12:25:17 - INFO - Intentando conectar a la base de datos...
2025-03-25 12:25:17 - INFO - Intentando conectar a la base de datos...
2025-03-25 12:25:17 - INFO - FactInventory cargada con éxito.
2025-03-25 12:25:17 - INFO - --------------PROCESO ETL FINALIZADO.--------------
2025-03-25 12:25:17 - INFO - Intentando conectar a la base de datos...
2025-03-25 12:25:17 - INFO - BI cargado con éxito.
2025-03-25 12:34:06 - INFO - --------------INICIANDO PROCESO ETL...--------------
2025-03-25 12:34:06 - ERROR - La base de datos 'erp' no está lista todavía...: connection to server at "erp" (172.18.0.2), port 5432 failed: Connection refused
	Is the server running on that host and accepting TCP/IP connections?

2025-03-25 12:34:11 - ERROR - La base de datos 'erp' no está lista todavía...: connection to server at "erp" (172.18.0.2), port 5432 failed: Connection refused
	Is the server running on that host and accepting TCP/IP connections?

2025-03-25 12:34:16 - INFO - Conexión a la base de datos 'erp' exitosa.
2025-03-25 12:34:16 - INFO - Conexión a la base de datos 'bi' exitosa.
2025-03-25 12:34:16 - INFO - Reiniciando la base de datos 'bi'...
2025-03-25 12:34:16 - INFO - Intentando conectar a la base de datos...
2025-03-25 12:34:17 - INFO - Base de datos 'bi' eliminada y recreada correctamente.
2025-03-25 12:34:17 - INFO - Intentando conectar a la base de datos...
2025-03-25 12:34:17 - INFO - Estructura de la base de datos 'bi' cargada desde bi_schema.sql.
2025-03-25 12:34:17 - INFO - Intentando conectar a la base de datos...
2025-03-25 12:34:17 - INFO - Tabla etl_ready reiniciada (vacía).
2025-03-25 12:34:17 - INFO - Iniciando carga de DimCustomer...
2025-03-25 12:34:17 - INFO - Intentando conectar a la base de datos...
2025-03-25 12:34:17 - INFO - Intentando conectar a la base de datos...
2025-03-25 12:34:18 - INFO - DimCustomer cargado con éxito.
2025-03-25 12:34:18 - INFO - Iniciando carga de DimProduct...
2025-03-25 12:34:18 - INFO - Intentando conectar a la base de datos...
2025-03-25 12:34:18 - INFO - Intentando conectar a la base de datos...
2025-03-25 12:34:18 - INFO - DimProduct cargado con éxito.
2025-03-25 12:34:18 - INFO - Iniciando carga de DimSalesTerritory...
2025-03-25 12:34:18 - INFO - Intentando conectar a la base de datos...
2025-03-25 12:34:18 - INFO - Intentando conectar a la base de datos...
2025-03-25 12:34:18 - INFO - DimSalesTerritory cargado con éxito.
2025-03-25 12:34:18 - INFO - Iniciando carga de DimShipMethod...
2025-03-25 12:34:18 - INFO - Intentando conectar a la base de datos...
2025-03-25 12:34:18 - INFO - Intentando conectar a la base de datos...
2025-03-25 12:34:18 - INFO - DimShipMethod cargado con éxito.
2025-03-25 12:34:18 - INFO - Iniciando carga de DimDate...
2025-03-25 12:34:18 - INFO - Intentando conectar a la base de datos...
2025-03-25 12:34:18 - INFO - DimDate cargado con éxito.
2025-03-25 12:34:18 - INFO - Iniciando carga de FactSales...
2025-03-25 12:34:18 - INFO - Intentando conectar a la base de datos...
2025-03-25 12:34:19 - INFO - Intentando conectar a la base de datos...
2025-03-25 12:36:28 - INFO - FactSales cargada con éxito.
2025-03-25 12:36:28 - INFO - Iniciando carga de DimEmployee...
2025-03-25 12:36:28 - INFO - Intentando conectar a la base de datos...
2025-03-25 12:36:28 - INFO - Intentando conectar a la base de datos...
2025-03-25 12:36:28 - INFO - DimEmployee cargado con éxito.
2025-03-25 12:36:28 - INFO - Iniciando carga de DimVendor...
2025-03-25 12:36:28 - INFO - Intentando conectar a la base de datos...
2025-03-25 12:36:28 - INFO - Intentando conectar a la base de datos...
2025-03-25 12:36:29 - INFO - DimVendor cargado con éxito.
2025-03-25 12:36:29 - INFO - Iniciando carga de DimLocation...
2025-03-25 12:36:29 - INFO - Intentando conectar a la base de datos...
2025-03-25 12:36:29 - INFO - Intentando conectar a la base de datos...
2025-03-25 12:36:29 - INFO - DimLocation cargado con éxito.
2025-03-25 12:36:29 - INFO - Iniciando carga de FactPurchases...
2025-03-25 12:36:29 - INFO - Intentando conectar a la base de datos...
2025-03-25 12:36:29 - INFO - Intentando conectar a la base de datos...
2025-03-25 12:36:32 - INFO - FactPurchases cargada con éxito.
2025-03-25 12:36:32 - INFO - Iniciando carga de FactInventory...
2025-03-25 12:36:32 - INFO - Intentando conectar a la base de datos...
2025-03-25 12:36:32 - INFO - Intentando conectar a la base de datos...
2025-03-25 12:36:33 - INFO - FactInventory cargada con éxito.
2025-03-25 12:36:33 - INFO - --------------PROCESO ETL FINALIZADO.--------------
2025-03-25 12:36:33 - INFO - Intentando conectar a la base de datos...
2025-03-25 12:36:33 - INFO - BI cargado con éxito.
2025-03-25 12:51:46 - INFO - --------------INICIANDO PROCESO ETL...--------------
2025-03-25 12:51:46 - ERROR - La base de datos 'erp' no está lista todavía...: connection to server at "erp" (172.18.0.2), port 5432 failed: Connection refused
	Is the server running on that host and accepting TCP/IP connections?

2025-03-25 12:51:51 - ERROR - La base de datos 'erp' no está lista todavía...: connection to server at "erp" (172.18.0.2), port 5432 failed: Connection refused
	Is the server running on that host and accepting TCP/IP connections?

2025-03-25 12:51:56 - ERROR - La base de datos 'erp' no está lista todavía...: connection to server at "erp" (172.18.0.2), port 5432 failed: Connection refused
	Is the server running on that host and accepting TCP/IP connections?

2025-03-25 12:52:01 - INFO - Conexión a la base de datos 'erp' exitosa.
2025-03-25 12:52:01 - INFO - Conexión a la base de datos 'bi' exitosa.
2025-03-25 12:52:01 - INFO - Reiniciando la base de datos 'bi'...
2025-03-25 12:52:01 - INFO - Intentando conectar a la base de datos...
2025-03-25 12:52:01 - INFO - Base de datos 'bi' eliminada y recreada correctamente.
2025-03-25 12:52:01 - INFO - Intentando conectar a la base de datos...
2025-03-25 12:52:01 - INFO - Estructura de la base de datos 'bi' cargada desde bi_schema.sql.
2025-03-25 12:52:01 - INFO - Intentando conectar a la base de datos...
2025-03-25 12:52:01 - INFO - Tabla etl_ready reiniciada (vacía).
2025-03-25 12:52:01 - INFO - Iniciando carga de DimCustomer...
2025-03-25 12:52:01 - INFO - Intentando conectar a la base de datos...
2025-03-25 12:52:02 - INFO - Intentando conectar a la base de datos...
2025-03-25 12:52:03 - INFO - DimCustomer cargado con éxito.
2025-03-25 12:52:03 - INFO - Iniciando carga de DimProduct...
2025-03-25 12:52:03 - INFO - Intentando conectar a la base de datos...
2025-03-25 12:52:03 - INFO - Intentando conectar a la base de datos...
2025-03-25 12:52:03 - INFO - DimProduct cargado con éxito.
2025-03-25 12:52:03 - INFO - Iniciando carga de DimSalesTerritory...
2025-03-25 12:52:03 - INFO - Intentando conectar a la base de datos...
2025-03-25 12:52:03 - INFO - Intentando conectar a la base de datos...
2025-03-25 12:52:03 - INFO - DimSalesTerritory cargado con éxito.
2025-03-25 12:52:03 - INFO - Iniciando carga de DimShipMethod...
2025-03-25 12:52:03 - INFO - Intentando conectar a la base de datos...
2025-03-25 12:52:03 - INFO - Intentando conectar a la base de datos...
2025-03-25 12:52:03 - INFO - DimShipMethod cargado con éxito.
2025-03-25 12:52:03 - INFO - Iniciando carga de DimDate...
2025-03-25 12:52:03 - INFO - Intentando conectar a la base de datos...
2025-03-25 12:52:03 - INFO - DimDate cargado con éxito.
2025-03-25 12:52:03 - INFO - Iniciando carga de FactSales...
2025-03-25 12:52:03 - INFO - Intentando conectar a la base de datos...
2025-03-25 12:52:04 - INFO - Intentando conectar a la base de datos...
2025-03-25 12:55:11 - INFO - FactSales cargada con éxito.
2025-03-25 12:55:11 - INFO - Iniciando carga de DimEmployee...
2025-03-25 12:55:11 - INFO - Intentando conectar a la base de datos...
2025-03-25 12:55:11 - INFO - Intentando conectar a la base de datos...
2025-03-25 12:55:11 - INFO - DimEmployee cargado con éxito.
2025-03-25 12:55:11 - INFO - Iniciando carga de DimVendor...
2025-03-25 12:55:11 - INFO - Intentando conectar a la base de datos...
2025-03-25 12:55:11 - INFO - Intentando conectar a la base de datos...
2025-03-25 12:55:11 - INFO - DimVendor cargado con éxito.
2025-03-25 12:55:11 - INFO - Iniciando carga de DimLocation...
2025-03-25 12:55:11 - INFO - Intentando conectar a la base de datos...
2025-03-25 12:55:11 - INFO - Intentando conectar a la base de datos...
2025-03-25 12:55:11 - INFO - DimLocation cargado con éxito.
2025-03-25 12:55:11 - INFO - Iniciando carga de FactPurchases...
2025-03-25 12:55:11 - INFO - Intentando conectar a la base de datos...
2025-03-25 12:55:11 - INFO - Intentando conectar a la base de datos...
2025-03-25 12:55:14 - INFO - FactPurchases cargada con éxito.
2025-03-25 12:55:15 - INFO - Iniciando carga de FactInventory...
2025-03-25 12:55:15 - INFO - Intentando conectar a la base de datos...
2025-03-25 12:55:15 - INFO - Intentando conectar a la base de datos...
2025-03-25 12:55:15 - INFO - FactInventory cargada con éxito.
2025-03-25 12:55:15 - INFO - --------------PROCESO ETL FINALIZADO.--------------
2025-03-25 12:55:15 - INFO - Intentando conectar a la base de datos...
2025-03-25 12:55:15 - INFO - BI cargado con éxito.
2025-03-25 13:01:42 - INFO - --------------INICIANDO PROCESO ETL...--------------
2025-03-25 13:01:42 - INFO - Conexión a la base de datos 'erp' exitosa.
2025-03-25 13:01:42 - INFO - Conexión a la base de datos 'bi' exitosa.
2025-03-25 13:01:42 - INFO - Reiniciando la base de datos 'bi'...
2025-03-25 13:01:42 - INFO - Intentando conectar a la base de datos...
2025-03-25 13:01:43 - INFO - Base de datos 'bi' eliminada y recreada correctamente.
2025-03-25 13:01:43 - INFO - Intentando conectar a la base de datos...
2025-03-25 13:01:43 - INFO - Estructura de la base de datos 'bi' cargada desde bi_schema.sql.
2025-03-25 13:01:43 - INFO - Intentando conectar a la base de datos...
2025-03-25 13:01:43 - INFO - Tabla etl_ready reiniciada (vacía).
2025-03-25 13:01:43 - INFO - Iniciando carga de DimCustomer...
2025-03-25 13:01:43 - INFO - Intentando conectar a la base de datos...
2025-03-25 13:01:44 - INFO - Intentando conectar a la base de datos...
2025-03-25 13:01:46 - INFO - DimCustomer cargado con éxito.
2025-03-25 13:01:46 - INFO - Iniciando carga de DimProduct...
2025-03-25 13:01:46 - INFO - Intentando conectar a la base de datos...
2025-03-25 13:01:46 - INFO - Intentando conectar a la base de datos...
2025-03-25 13:01:46 - INFO - DimProduct cargado con éxito.
2025-03-25 13:01:46 - INFO - Iniciando carga de DimSalesTerritory...
2025-03-25 13:01:46 - INFO - Intentando conectar a la base de datos...
2025-03-25 13:01:46 - INFO - Intentando conectar a la base de datos...
2025-03-25 13:01:46 - INFO - DimSalesTerritory cargado con éxito.
2025-03-25 13:01:46 - INFO - Iniciando carga de DimShipMethod...
2025-03-25 13:01:46 - INFO - Intentando conectar a la base de datos...
2025-03-25 13:01:46 - INFO - Intentando conectar a la base de datos...
2025-03-25 13:01:46 - INFO - DimShipMethod cargado con éxito.
2025-03-25 13:01:46 - INFO - Iniciando carga de DimDate...
2025-03-25 13:01:46 - INFO - Intentando conectar a la base de datos...
2025-03-25 13:01:46 - INFO - DimDate cargado con éxito.
2025-03-25 13:01:46 - INFO - Iniciando carga de FactSales...
2025-03-25 13:01:46 - INFO - Intentando conectar a la base de datos...
2025-03-25 13:01:49 - INFO - Intentando conectar a la base de datos...
2025-03-25 13:05:54 - INFO - FactSales cargada con éxito.
2025-03-25 13:05:54 - INFO - Iniciando carga de DimEmployee...
2025-03-25 13:05:54 - INFO - Intentando conectar a la base de datos...
2025-03-25 13:05:54 - INFO - Intentando conectar a la base de datos...
2025-03-25 13:05:54 - INFO - DimEmployee cargado con éxito.
2025-03-25 13:05:54 - INFO - Iniciando carga de DimVendor...
2025-03-25 13:05:54 - INFO - Intentando conectar a la base de datos...
2025-03-25 13:05:54 - INFO - Intentando conectar a la base de datos...
2025-03-25 13:05:54 - INFO - DimVendor cargado con éxito.
2025-03-25 13:05:54 - INFO - Iniciando carga de DimLocation...
2025-03-25 13:05:54 - INFO - Intentando conectar a la base de datos...
2025-03-25 13:05:54 - INFO - Intentando conectar a la base de datos...
2025-03-25 13:05:54 - INFO - DimLocation cargado con éxito.
2025-03-25 13:05:54 - INFO - Iniciando carga de FactPurchases...
2025-03-25 13:05:54 - INFO - Intentando conectar a la base de datos...
2025-03-25 13:05:55 - INFO - Intentando conectar a la base de datos...
2025-03-25 13:05:59 - INFO - FactPurchases cargada con éxito.
2025-03-25 13:05:59 - INFO - Iniciando carga de FactInventory...
2025-03-25 13:05:59 - INFO - Intentando conectar a la base de datos...
2025-03-25 13:05:59 - INFO - Intentando conectar a la base de datos...
2025-03-25 13:05:59 - INFO - FactInventory cargada con éxito.
2025-03-25 13:05:59 - INFO - --------------PROCESO ETL FINALIZADO.--------------
2025-03-25 13:05:59 - INFO - Intentando conectar a la base de datos...
2025-03-25 13:05:59 - INFO - BI cargado con éxito.
2025-03-25 13:24:08 - INFO - --------------INICIANDO PROCESO ETL...--------------
2025-03-25 13:24:08 - ERROR - La base de datos 'erp' no está lista todavía...: connection to server at "erp" (172.19.0.2), port 5432 failed: Connection refused
	Is the server running on that host and accepting TCP/IP connections?

2025-03-25 13:24:13 - ERROR - La base de datos 'erp' no está lista todavía...: connection to server at "erp" (172.19.0.2), port 5432 failed: Connection refused
	Is the server running on that host and accepting TCP/IP connections?

2025-03-25 13:24:18 - ERROR - La base de datos 'erp' no está lista todavía...: connection to server at "erp" (172.19.0.2), port 5432 failed: Connection refused
	Is the server running on that host and accepting TCP/IP connections?

2025-03-25 13:24:23 - ERROR - La base de datos 'erp' no está lista todavía...: connection to server at "erp" (172.19.0.2), port 5432 failed: Connection refused
	Is the server running on that host and accepting TCP/IP connections?

2025-03-25 13:24:28 - INFO - Conexión a la base de datos 'erp' exitosa.
2025-03-25 13:24:28 - INFO - Conexión a la base de datos 'bi' exitosa.
2025-03-25 13:24:28 - INFO - Reiniciando la base de datos 'bi'...
2025-03-25 13:24:28 - INFO - Intentando conectar a la base de datos...
2025-03-25 13:24:29 - INFO - Base de datos 'bi' eliminada y recreada correctamente.
2025-03-25 13:24:29 - INFO - Intentando conectar a la base de datos...
2025-03-25 13:24:29 - INFO - Estructura de la base de datos 'bi' cargada desde bi_schema.sql.
2025-03-25 13:24:29 - INFO - Intentando conectar a la base de datos...
2025-03-25 13:24:29 - INFO - Tabla etl_ready reiniciada (vacía).
2025-03-25 13:24:29 - INFO - Iniciando carga de DimCustomer...
2025-03-25 13:24:29 - INFO - Intentando conectar a la base de datos...
2025-03-25 13:24:29 - INFO - Intentando conectar a la base de datos...
2025-03-25 13:24:31 - INFO - DimCustomer cargado con éxito.
2025-03-25 13:24:31 - INFO - Iniciando carga de DimProduct...
2025-03-25 13:24:31 - INFO - Intentando conectar a la base de datos...
2025-03-25 13:24:31 - INFO - Intentando conectar a la base de datos...
2025-03-25 13:24:31 - INFO - DimProduct cargado con éxito.
2025-03-25 13:24:31 - INFO - Iniciando carga de DimSalesTerritory...
2025-03-25 13:24:31 - INFO - Intentando conectar a la base de datos...
2025-03-25 13:24:31 - INFO - Intentando conectar a la base de datos...
2025-03-25 13:24:31 - INFO - DimSalesTerritory cargado con éxito.
2025-03-25 13:24:31 - INFO - Iniciando carga de DimShipMethod...
2025-03-25 13:24:31 - INFO - Intentando conectar a la base de datos...
2025-03-25 13:24:31 - INFO - Intentando conectar a la base de datos...
2025-03-25 13:24:31 - INFO - DimShipMethod cargado con éxito.
2025-03-25 13:24:31 - INFO - Iniciando carga de DimDate...
2025-03-25 13:24:31 - INFO - Intentando conectar a la base de datos...
2025-03-25 13:24:31 - INFO - DimDate cargado con éxito.
2025-03-25 13:24:31 - INFO - Iniciando carga de FactSales...
2025-03-25 13:24:31 - INFO - Intentando conectar a la base de datos...
2025-03-25 13:24:33 - INFO - Intentando conectar a la base de datos...
2025-03-25 13:27:37 - INFO - FactSales cargada con éxito.
2025-03-25 13:27:37 - INFO - Iniciando carga de DimEmployee...
2025-03-25 13:27:37 - INFO - Intentando conectar a la base de datos...
2025-03-25 13:27:37 - INFO - Intentando conectar a la base de datos...
2025-03-25 13:27:37 - INFO - DimEmployee cargado con éxito.
2025-03-25 13:27:37 - INFO - Iniciando carga de DimVendor...
2025-03-25 13:27:37 - INFO - Intentando conectar a la base de datos...
2025-03-25 13:27:37 - INFO - Intentando conectar a la base de datos...
2025-03-25 13:27:37 - INFO - DimVendor cargado con éxito.
2025-03-25 13:27:37 - INFO - Iniciando carga de DimLocation...
2025-03-25 13:27:37 - INFO - Intentando conectar a la base de datos...
2025-03-25 13:27:38 - INFO - Intentando conectar a la base de datos...
2025-03-25 13:27:38 - INFO - DimLocation cargado con éxito.
2025-03-25 13:27:38 - INFO - Iniciando carga de FactPurchases...
2025-03-25 13:27:38 - INFO - Intentando conectar a la base de datos...
2025-03-25 13:27:38 - INFO - Intentando conectar a la base de datos...
2025-03-25 13:27:41 - INFO - FactPurchases cargada con éxito.
2025-03-25 13:27:41 - INFO - Iniciando carga de FactInventory...
2025-03-25 13:27:41 - INFO - Intentando conectar a la base de datos...
2025-03-25 13:27:42 - INFO - Intentando conectar a la base de datos...
2025-03-25 13:27:42 - INFO - FactInventory cargada con éxito.
2025-03-25 13:27:42 - INFO - --------------PROCESO ETL FINALIZADO.--------------
2025-03-25 13:27:42 - INFO - Intentando conectar a la base de datos...
2025-03-25 13:27:42 - INFO - BI cargado con éxito.
2025-03-25 13:29:07 - INFO - --------------INICIANDO PROCESO ETL...--------------
2025-03-25 13:29:08 - ERROR - La base de datos 'erp' no está lista todavía...: connection to server at "erp" (172.19.0.2), port 5432 failed: Connection refused
	Is the server running on that host and accepting TCP/IP connections?

2025-03-25 13:29:13 - ERROR - La base de datos 'erp' no está lista todavía...: connection to server at "erp" (172.19.0.2), port 5432 failed: Connection refused
	Is the server running on that host and accepting TCP/IP connections?

2025-03-25 13:29:18 - ERROR - La base de datos 'erp' no está lista todavía...: connection to server at "erp" (172.19.0.2), port 5432 failed: Connection refused
	Is the server running on that host and accepting TCP/IP connections?

2025-03-25 13:29:23 - INFO - Conexión a la base de datos 'erp' exitosa.
2025-03-25 13:29:23 - INFO - Conexión a la base de datos 'bi' exitosa.
2025-03-25 13:29:23 - INFO - Reiniciando la base de datos 'bi'...
2025-03-25 13:29:23 - INFO - Intentando conectar a la base de datos...
2025-03-25 13:29:23 - INFO - Base de datos 'bi' eliminada y recreada correctamente.
2025-03-25 13:29:23 - INFO - Intentando conectar a la base de datos...
2025-03-25 13:29:23 - INFO - Estructura de la base de datos 'bi' cargada desde bi_schema.sql.
2025-03-25 13:29:23 - INFO - Intentando conectar a la base de datos...
2025-03-25 13:29:23 - INFO - Tabla etl_ready reiniciada (vacía).
2025-03-25 13:29:23 - INFO - Iniciando carga de DimCustomer...
2025-03-25 13:29:23 - INFO - Intentando conectar a la base de datos...
2025-03-25 13:29:23 - INFO - Intentando conectar a la base de datos...
2025-03-25 13:29:24 - INFO - DimCustomer cargado con éxito.
2025-03-25 13:29:24 - INFO - Iniciando carga de DimProduct...
2025-03-25 13:29:24 - INFO - Intentando conectar a la base de datos...
2025-03-25 13:29:24 - INFO - Intentando conectar a la base de datos...
2025-03-25 13:29:24 - INFO - DimProduct cargado con éxito.
2025-03-25 13:29:24 - INFO - Iniciando carga de DimSalesTerritory...
2025-03-25 13:29:24 - INFO - Intentando conectar a la base de datos...
2025-03-25 13:29:24 - INFO - Intentando conectar a la base de datos...
2025-03-25 13:29:25 - INFO - DimSalesTerritory cargado con éxito.
2025-03-25 13:29:25 - INFO - Iniciando carga de DimShipMethod...
2025-03-25 13:29:25 - INFO - Intentando conectar a la base de datos...
2025-03-25 13:29:25 - INFO - Intentando conectar a la base de datos...
2025-03-25 13:29:25 - INFO - DimShipMethod cargado con éxito.
2025-03-25 13:29:25 - INFO - Iniciando carga de DimDate...
2025-03-25 13:29:25 - INFO - Intentando conectar a la base de datos...
2025-03-25 13:29:25 - INFO - DimDate cargado con éxito.
2025-03-25 13:29:25 - INFO - Iniciando carga de FactSales...
2025-03-25 13:29:25 - INFO - Intentando conectar a la base de datos...
2025-03-25 13:29:26 - INFO - Intentando conectar a la base de datos...
2025-03-25 13:29:34 - INFO - --------------INICIANDO PROCESO ETL...--------------
2025-03-25 13:29:34 - INFO - Conexión a la base de datos 'erp' exitosa.
2025-03-25 13:29:34 - INFO - Conexión a la base de datos 'bi' exitosa.
2025-03-25 13:29:34 - INFO - Reiniciando la base de datos 'bi'...
2025-03-25 13:29:34 - INFO - Intentando conectar a la base de datos...
2025-03-25 13:29:34 - ERROR - Error en extract_load_fact_sales: server closed the connection unexpectedly
	This probably means the server terminated abnormally
	before or while processing the request.

2025-03-25 13:29:34 - INFO - Iniciando carga de DimEmployee...
2025-03-25 13:29:34 - INFO - Intentando conectar a la base de datos...
2025-03-25 13:29:34 - INFO - Intentando conectar a la base de datos...
2025-03-25 13:29:34 - ERROR - Error al conectar a la base de datos: connection to server at "bi" (172.19.0.3), port 5432 failed: FATAL:  database "bi" does not exist
DETAIL:  It seems to have just been dropped or renamed.

2025-03-25 13:29:34 - ERROR - Error en extract_load_employees: 'NoneType' object has no attribute 'cursor'
2025-03-25 13:29:34 - INFO - Iniciando carga de DimVendor...
2025-03-25 13:29:34 - INFO - Intentando conectar a la base de datos...
2025-03-25 13:29:34 - INFO - Intentando conectar a la base de datos...
2025-03-25 13:29:34 - ERROR - Error al conectar a la base de datos: connection to server at "bi" (172.19.0.3), port 5432 failed: FATAL:  database "bi" does not exist

2025-03-25 13:29:34 - ERROR - Error en extract_load_vendors: 'NoneType' object has no attribute 'cursor'
2025-03-25 13:29:34 - INFO - Iniciando carga de DimLocation...
2025-03-25 13:29:34 - INFO - Intentando conectar a la base de datos...
2025-03-25 13:29:34 - INFO - Intentando conectar a la base de datos...
2025-03-25 13:29:34 - INFO - Base de datos 'bi' eliminada y recreada correctamente.
2025-03-25 13:29:34 - INFO - Intentando conectar a la base de datos...
2025-03-25 13:29:35 - ERROR - Error en extract_load_locations: relation "adventure_dwh.dimlocation" does not exist
LINE 2:             INSERT INTO adventure_dwh.DimLocation (LocationI...
                                ^

2025-03-25 13:29:35 - INFO - Iniciando carga de FactPurchases...
2025-03-25 13:29:35 - INFO - Intentando conectar a la base de datos...
2025-03-25 13:29:35 - INFO - Estructura de la base de datos 'bi' cargada desde bi_schema.sql.
2025-03-25 13:29:35 - INFO - Intentando conectar a la base de datos...
2025-03-25 13:29:35 - INFO - Tabla etl_ready reiniciada (vacía).
2025-03-25 13:29:35 - INFO - Iniciando carga de DimCustomer...
2025-03-25 13:29:35 - INFO - Intentando conectar a la base de datos...
2025-03-25 13:29:35 - INFO - Intentando conectar a la base de datos...
2025-03-25 13:29:35 - INFO - Intentando conectar a la base de datos...
2025-03-25 13:29:39 - INFO - DimCustomer cargado con éxito.
2025-03-25 13:29:39 - INFO - Iniciando carga de DimProduct...
2025-03-25 13:29:39 - INFO - Intentando conectar a la base de datos...
2025-03-25 13:29:39 - INFO - Intentando conectar a la base de datos...
2025-03-25 13:29:39 - INFO - DimProduct cargado con éxito.
2025-03-25 13:29:39 - INFO - Iniciando carga de DimSalesTerritory...
2025-03-25 13:29:39 - INFO - Intentando conectar a la base de datos...
2025-03-25 13:29:39 - INFO - Intentando conectar a la base de datos...
2025-03-25 13:29:39 - INFO - DimSalesTerritory cargado con éxito.
2025-03-25 13:29:39 - INFO - Iniciando carga de DimShipMethod...
2025-03-25 13:29:39 - INFO - Intentando conectar a la base de datos...
2025-03-25 13:29:39 - INFO - Intentando conectar a la base de datos...
2025-03-25 13:29:39 - INFO - DimShipMethod cargado con éxito.
2025-03-25 13:29:39 - INFO - Iniciando carga de DimDate...
2025-03-25 13:29:39 - INFO - Intentando conectar a la base de datos...
2025-03-25 13:29:39 - INFO - DimDate cargado con éxito.
2025-03-25 13:29:39 - INFO - Iniciando carga de FactSales...
2025-03-25 13:29:39 - INFO - Intentando conectar a la base de datos...
2025-03-25 13:29:41 - INFO - Intentando conectar a la base de datos...
2025-03-25 13:29:42 - INFO - FactPurchases cargada con éxito.
2025-03-25 13:29:42 - INFO - Iniciando carga de FactInventory...
2025-03-25 13:29:42 - INFO - Intentando conectar a la base de datos...
2025-03-25 13:29:42 - INFO - Intentando conectar a la base de datos...
2025-03-25 13:29:42 - INFO - FactInventory cargada con éxito.
2025-03-25 13:29:42 - INFO - --------------PROCESO ETL FINALIZADO.--------------
2025-03-25 13:29:42 - INFO - Intentando conectar a la base de datos...
2025-03-25 13:29:43 - INFO - BI cargado con éxito.
2025-03-25 13:31:01 - INFO - --------------INICIANDO PROCESO ETL...--------------
2025-03-25 13:31:01 - ERROR - La base de datos 'erp' no está lista todavía...: could not translate host name "erp" to address: Temporary failure in name resolution

2025-03-25 13:31:06 - ERROR - La base de datos 'erp' no está lista todavía...: could not translate host name "erp" to address: Temporary failure in name resolution

2025-03-25 13:31:11 - ERROR - La base de datos 'erp' no está lista todavía...: could not translate host name "erp" to address: Temporary failure in name resolution

2025-03-25 13:31:16 - ERROR - La base de datos 'erp' no está lista todavía...: could not translate host name "erp" to address: Temporary failure in name resolution

2025-03-25 13:31:21 - ERROR - La base de datos 'erp' no está lista todavía...: could not translate host name "erp" to address: Temporary failure in name resolution

2025-03-25 13:31:26 - ERROR - La base de datos 'erp' no está lista todavía...: could not translate host name "erp" to address: Temporary failure in name resolution

2025-03-25 13:31:31 - ERROR - La base de datos 'erp' no está lista todavía...: connection to server at "erp" (172.18.0.3), port 5432 failed: Connection refused
	Is the server running on that host and accepting TCP/IP connections?

2025-03-25 13:31:36 - ERROR - La base de datos 'erp' no está lista todavía...: connection to server at "erp" (172.18.0.3), port 5432 failed: Connection refused
	Is the server running on that host and accepting TCP/IP connections?

2025-03-25 13:31:41 - INFO - Conexión a la base de datos 'erp' exitosa.
2025-03-25 13:31:41 - INFO - Conexión a la base de datos 'bi' exitosa.
2025-03-25 13:31:41 - INFO - Reiniciando la base de datos 'bi'...
2025-03-25 13:31:41 - INFO - Intentando conectar a la base de datos...
2025-03-25 13:31:41 - INFO - Base de datos 'bi' eliminada y recreada correctamente.
2025-03-25 13:31:41 - INFO - Intentando conectar a la base de datos...
2025-03-25 13:31:41 - INFO - Estructura de la base de datos 'bi' cargada desde bi_schema.sql.
2025-03-25 13:31:41 - INFO - Intentando conectar a la base de datos...
2025-03-25 13:31:41 - INFO - Tabla etl_ready reiniciada (vacía).
2025-03-25 13:31:41 - INFO - Iniciando carga de DimCustomer...
2025-03-25 13:31:41 - INFO - Intentando conectar a la base de datos...
2025-03-25 13:31:42 - INFO - Intentando conectar a la base de datos...
2025-03-25 13:31:42 - INFO - DimCustomer cargado con éxito.
2025-03-25 13:31:42 - INFO - Iniciando carga de DimProduct...
2025-03-25 13:31:42 - INFO - Intentando conectar a la base de datos...
2025-03-25 13:31:42 - INFO - Intentando conectar a la base de datos...
2025-03-25 13:31:42 - INFO - DimProduct cargado con éxito.
2025-03-25 13:31:42 - INFO - Iniciando carga de DimSalesTerritory...
2025-03-25 13:31:42 - INFO - Intentando conectar a la base de datos...
2025-03-25 13:31:42 - INFO - Intentando conectar a la base de datos...
2025-03-25 13:31:42 - INFO - DimSalesTerritory cargado con éxito.
2025-03-25 13:31:42 - INFO - Iniciando carga de DimShipMethod...
2025-03-25 13:31:42 - INFO - Intentando conectar a la base de datos...
2025-03-25 13:31:42 - INFO - Intentando conectar a la base de datos...
2025-03-25 13:31:42 - INFO - DimShipMethod cargado con éxito.
2025-03-25 13:31:42 - INFO - Iniciando carga de DimDate...
2025-03-25 13:31:42 - INFO - Intentando conectar a la base de datos...
2025-03-25 13:31:42 - INFO - DimDate cargado con éxito.
2025-03-25 13:31:42 - INFO - Iniciando carga de FactSales...
2025-03-25 13:31:42 - INFO - Intentando conectar a la base de datos...
2025-03-25 13:31:44 - INFO - Intentando conectar a la base de datos...
2025-03-25 13:34:44 - INFO - FactSales cargada con éxito.
2025-03-25 13:34:44 - INFO - Iniciando carga de DimEmployee...
2025-03-25 13:34:44 - INFO - Intentando conectar a la base de datos...
2025-03-25 13:34:44 - INFO - Intentando conectar a la base de datos...
2025-03-25 13:34:45 - INFO - DimEmployee cargado con éxito.
2025-03-25 13:34:45 - INFO - Iniciando carga de DimVendor...
2025-03-25 13:34:45 - INFO - Intentando conectar a la base de datos...
2025-03-25 13:34:45 - INFO - Intentando conectar a la base de datos...
2025-03-25 13:34:45 - INFO - DimVendor cargado con éxito.
2025-03-25 13:34:45 - INFO - Iniciando carga de DimLocation...
2025-03-25 13:34:45 - INFO - Intentando conectar a la base de datos...
2025-03-25 13:34:45 - INFO - Intentando conectar a la base de datos...
2025-03-25 13:34:45 - INFO - DimLocation cargado con éxito.
2025-03-25 13:34:45 - INFO - Iniciando carga de FactPurchases...
2025-03-25 13:34:45 - INFO - Intentando conectar a la base de datos...
2025-03-25 13:34:45 - INFO - Intentando conectar a la base de datos...
2025-03-25 13:34:49 - INFO - FactPurchases cargada con éxito.
2025-03-25 13:34:49 - INFO - Iniciando carga de FactInventory...
2025-03-25 13:34:49 - INFO - Intentando conectar a la base de datos...
2025-03-25 13:34:49 - INFO - Intentando conectar a la base de datos...
2025-03-25 13:34:49 - INFO - FactInventory cargada con éxito.
2025-03-25 13:34:49 - INFO - --------------PROCESO ETL FINALIZADO.--------------
2025-03-25 13:34:49 - INFO - Intentando conectar a la base de datos...
2025-03-25 13:34:49 - INFO - BI cargado con éxito.
2025-03-25 13:41:29 - INFO - --------------INICIANDO PROCESO ETL...--------------
2025-03-25 13:41:29 - ERROR - La base de datos 'erp' no está lista todavía...: could not translate host name "erp" to address: Temporary failure in name resolution

2025-03-25 13:41:34 - ERROR - La base de datos 'erp' no está lista todavía...: could not translate host name "erp" to address: Temporary failure in name resolution

2025-03-25 13:41:43 - INFO - --------------INICIANDO PROCESO ETL...--------------
2025-03-25 13:41:43 - ERROR - La base de datos 'erp' no está lista todavía...: could not translate host name "erp" to address: Temporary failure in name resolution

2025-03-25 13:41:48 - ERROR - La base de datos 'erp' no está lista todavía...: could not translate host name "erp" to address: Temporary failure in name resolution

2025-03-25 13:41:53 - ERROR - La base de datos 'erp' no está lista todavía...: could not translate host name "erp" to address: Temporary failure in name resolution

2025-03-25 13:41:58 - ERROR - La base de datos 'erp' no está lista todavía...: could not translate host name "erp" to address: Temporary failure in name resolution

2025-03-25 13:42:03 - ERROR - La base de datos 'erp' no está lista todavía...: could not translate host name "erp" to address: Temporary failure in name resolution

2025-03-25 13:42:08 - INFO - Conexión a la base de datos 'erp' exitosa.
2025-03-25 13:42:08 - INFO - Conexión a la base de datos 'bi' exitosa.
2025-03-25 13:42:08 - INFO - Reiniciando la base de datos 'bi'...
2025-03-25 13:42:08 - INFO - Intentando conectar a la base de datos...
2025-03-25 13:42:09 - INFO - Base de datos 'bi' eliminada y recreada correctamente.
2025-03-25 13:42:09 - INFO - Intentando conectar a la base de datos...
2025-03-25 13:42:09 - INFO - Estructura de la base de datos 'bi' cargada desde bi_schema.sql.
2025-03-25 13:42:09 - INFO - Intentando conectar a la base de datos...
2025-03-25 13:42:09 - INFO - Tabla etl_ready reiniciada (vacía).
2025-03-25 13:42:09 - INFO - Iniciando carga de DimCustomer...
2025-03-25 13:42:09 - INFO - Intentando conectar a la base de datos...
2025-03-25 13:42:10 - INFO - Intentando conectar a la base de datos...
2025-03-25 13:42:13 - INFO - DimCustomer cargado con éxito.
2025-03-25 13:42:13 - INFO - Iniciando carga de DimProduct...
2025-03-25 13:42:13 - INFO - Intentando conectar a la base de datos...
2025-03-25 13:42:13 - INFO - Intentando conectar a la base de datos...
2025-03-25 13:42:14 - INFO - DimProduct cargado con éxito.
2025-03-25 13:42:14 - INFO - Iniciando carga de DimSalesTerritory...
2025-03-25 13:42:14 - INFO - Intentando conectar a la base de datos...
2025-03-25 13:42:14 - INFO - Intentando conectar a la base de datos...
2025-03-25 13:42:14 - INFO - DimSalesTerritory cargado con éxito.
2025-03-25 13:42:14 - INFO - Iniciando carga de DimShipMethod...
2025-03-25 13:42:14 - INFO - Intentando conectar a la base de datos...
2025-03-25 13:42:14 - INFO - Intentando conectar a la base de datos...
2025-03-25 13:42:14 - INFO - DimShipMethod cargado con éxito.
2025-03-25 13:42:14 - INFO - Iniciando carga de DimDate...
2025-03-25 13:42:14 - INFO - Intentando conectar a la base de datos...
2025-03-25 13:42:14 - INFO - DimDate cargado con éxito.
2025-03-25 13:42:14 - INFO - Iniciando carga de FactSales...
2025-03-25 13:42:14 - INFO - Intentando conectar a la base de datos...
2025-03-25 13:42:16 - INFO - Intentando conectar a la base de datos...
2025-03-25 13:46:06 - INFO - FactSales cargada con éxito.
2025-03-25 13:46:06 - INFO - Iniciando carga de DimEmployee...
2025-03-25 13:46:06 - INFO - Intentando conectar a la base de datos...
2025-03-25 13:46:06 - INFO - Intentando conectar a la base de datos...
2025-03-25 13:46:06 - INFO - DimEmployee cargado con éxito.
2025-03-25 13:46:06 - INFO - Iniciando carga de DimVendor...
2025-03-25 13:46:06 - INFO - Intentando conectar a la base de datos...
2025-03-25 13:46:06 - INFO - Intentando conectar a la base de datos...
2025-03-25 13:46:06 - INFO - DimVendor cargado con éxito.
2025-03-25 13:46:06 - INFO - Iniciando carga de DimLocation...
2025-03-25 13:46:06 - INFO - Intentando conectar a la base de datos...
2025-03-25 13:46:06 - INFO - Intentando conectar a la base de datos...
2025-03-25 13:46:06 - INFO - DimLocation cargado con éxito.
2025-03-25 13:46:06 - INFO - Iniciando carga de FactPurchases...
2025-03-25 13:46:06 - INFO - Intentando conectar a la base de datos...
2025-03-25 13:46:06 - INFO - Intentando conectar a la base de datos...
2025-03-25 13:46:10 - INFO - FactPurchases cargada con éxito.
2025-03-25 13:46:10 - INFO - Iniciando carga de FactInventory...
2025-03-25 13:46:10 - INFO - Intentando conectar a la base de datos...
2025-03-25 13:46:10 - INFO - Intentando conectar a la base de datos...
2025-03-25 13:46:10 - INFO - FactInventory cargada con éxito.
2025-03-25 13:46:10 - INFO - --------------PROCESO ETL FINALIZADO.--------------
2025-03-25 13:46:10 - INFO - Intentando conectar a la base de datos...
2025-03-25 13:46:10 - INFO - BI cargado con éxito.
2025-03-25 14:01:20 - INFO - --------------INICIANDO PROCESO ETL...--------------
2025-03-25 14:01:20 - ERROR - La base de datos 'erp' no está lista todavía...: could not translate host name "erp" to address: Temporary failure in name resolution

2025-03-25 14:01:25 - ERROR - La base de datos 'erp' no está lista todavía...: could not translate host name "erp" to address: Temporary failure in name resolution

2025-03-25 14:01:30 - ERROR - La base de datos 'erp' no está lista todavía...: could not translate host name "erp" to address: Temporary failure in name resolution

2025-03-25 14:01:35 - ERROR - La base de datos 'erp' no está lista todavía...: could not translate host name "erp" to address: Temporary failure in name resolution

2025-03-25 14:01:40 - ERROR - La base de datos 'erp' no está lista todavía...: could not translate host name "erp" to address: Temporary failure in name resolution

2025-03-25 14:01:45 - ERROR - La base de datos 'erp' no está lista todavía...: could not translate host name "erp" to address: Temporary failure in name resolution

2025-03-25 14:01:50 - ERROR - La base de datos 'erp' no está lista todavía...: could not translate host name "erp" to address: Temporary failure in name resolution

2025-03-25 14:01:55 - ERROR - La base de datos 'erp' no está lista todavía...: could not translate host name "erp" to address: Temporary failure in name resolution

2025-03-25 14:02:00 - ERROR - La base de datos 'erp' no está lista todavía...: could not translate host name "erp" to address: Temporary failure in name resolution

2025-03-25 14:02:06 - ERROR - La base de datos 'erp' no está lista todavía...: could not translate host name "erp" to address: Temporary failure in name resolution

2025-03-25 14:02:11 - ERROR - La base de datos 'erp' no está lista todavía...: could not translate host name "erp" to address: Temporary failure in name resolution

2025-03-25 14:02:16 - ERROR - La base de datos 'erp' no está lista todavía...: could not translate host name "erp" to address: Temporary failure in name resolution

2025-03-25 14:02:21 - ERROR - La base de datos 'erp' no está lista todavía...: could not translate host name "erp" to address: Temporary failure in name resolution

2025-03-25 14:02:26 - ERROR - La base de datos 'erp' no está lista todavía...: could not translate host name "erp" to address: Temporary failure in name resolution

2025-03-25 14:02:31 - ERROR - La base de datos 'erp' no está lista todavía...: could not translate host name "erp" to address: Temporary failure in name resolution

2025-03-25 14:02:36 - ERROR - La base de datos 'erp' no está lista todavía...: could not translate host name "erp" to address: Temporary failure in name resolution

2025-03-25 14:02:41 - ERROR - La base de datos 'erp' no está lista todavía...: could not translate host name "erp" to address: Temporary failure in name resolution

2025-03-25 14:02:46 - ERROR - La base de datos 'erp' no está lista todavía...: could not translate host name "erp" to address: Temporary failure in name resolution

2025-03-25 14:02:51 - ERROR - La base de datos 'erp' no está lista todavía...: could not translate host name "erp" to address: Temporary failure in name resolution

2025-03-25 14:02:56 - ERROR - La base de datos 'erp' no está lista todavía...: could not translate host name "erp" to address: Temporary failure in name resolution

2025-03-25 14:03:01 - ERROR - La base de datos 'erp' no está lista todavía...: could not translate host name "erp" to address: Temporary failure in name resolution

2025-03-25 14:03:06 - ERROR - La base de datos 'erp' no está lista todavía...: could not translate host name "erp" to address: Temporary failure in name resolution

2025-03-25 14:03:11 - ERROR - La base de datos 'erp' no está lista todavía...: could not translate host name "erp" to address: Temporary failure in name resolution

2025-03-25 14:03:16 - ERROR - La base de datos 'erp' no está lista todavía...: could not translate host name "erp" to address: Temporary failure in name resolution

2025-03-25 14:03:21 - ERROR - La base de datos 'erp' no está lista todavía...: could not translate host name "erp" to address: Temporary failure in name resolution

2025-03-25 14:03:26 - ERROR - La base de datos 'erp' no está lista todavía...: could not translate host name "erp" to address: Temporary failure in name resolution

2025-03-25 14:03:31 - ERROR - La base de datos 'erp' no está lista todavía...: could not translate host name "erp" to address: Temporary failure in name resolution

2025-03-25 14:05:35 - INFO - --------------INICIANDO PROCESO ETL...--------------
2025-03-25 14:05:35 - INFO - Conexión a la base de datos 'erp' exitosa.
2025-03-25 14:05:35 - ERROR - La base de datos 'bi' no está lista todavía...: could not translate host name "bi" to address: Temporary failure in name resolution

2025-03-25 14:05:40 - ERROR - La base de datos 'bi' no está lista todavía...: could not translate host name "bi" to address: Temporary failure in name resolution

2025-03-25 14:05:45 - ERROR - La base de datos 'bi' no está lista todavía...: could not translate host name "bi" to address: Temporary failure in name resolution

2025-03-25 14:05:50 - ERROR - La base de datos 'bi' no está lista todavía...: could not translate host name "bi" to address: Temporary failure in name resolution

2025-03-25 14:05:55 - ERROR - La base de datos 'bi' no está lista todavía...: connection to server at "bi" (172.18.0.4), port 5432 failed: Connection refused
	Is the server running on that host and accepting TCP/IP connections?

2025-03-25 14:06:00 - INFO - Conexión a la base de datos 'bi' exitosa.
2025-03-25 14:06:00 - INFO - Reiniciando la base de datos 'bi'...
2025-03-25 14:06:00 - INFO - Intentando conectar a la base de datos...
2025-03-25 14:06:00 - INFO - Base de datos 'bi' eliminada y recreada correctamente.
2025-03-25 14:06:00 - INFO - Intentando conectar a la base de datos...
2025-03-25 14:06:01 - INFO - Estructura de la base de datos 'bi' cargada desde bi_schema.sql.
2025-03-25 14:06:01 - INFO - Intentando conectar a la base de datos...
2025-03-25 14:06:01 - INFO - Tabla etl_ready reiniciada (vacía).
2025-03-25 14:06:01 - INFO - Iniciando carga de DimCustomer...
2025-03-25 14:06:01 - INFO - Intentando conectar a la base de datos...
2025-03-25 14:06:01 - INFO - Intentando conectar a la base de datos...
2025-03-25 14:06:03 - INFO - DimCustomer cargado con éxito.
2025-03-25 14:06:03 - INFO - Iniciando carga de DimProduct...
2025-03-25 14:06:03 - INFO - Intentando conectar a la base de datos...
2025-03-25 14:06:03 - INFO - Intentando conectar a la base de datos...
2025-03-25 14:06:03 - INFO - DimProduct cargado con éxito.
2025-03-25 14:06:03 - INFO - Iniciando carga de DimSalesTerritory...
2025-03-25 14:06:03 - INFO - Intentando conectar a la base de datos...
2025-03-25 14:06:03 - INFO - Intentando conectar a la base de datos...
2025-03-25 14:06:03 - INFO - DimSalesTerritory cargado con éxito.
2025-03-25 14:06:03 - INFO - Iniciando carga de DimShipMethod...
2025-03-25 14:06:03 - INFO - Intentando conectar a la base de datos...
2025-03-25 14:06:03 - INFO - Intentando conectar a la base de datos...
2025-03-25 14:06:03 - INFO - DimShipMethod cargado con éxito.
2025-03-25 14:06:03 - INFO - Iniciando carga de DimDate...
2025-03-25 14:06:03 - INFO - Intentando conectar a la base de datos...
2025-03-25 14:06:03 - INFO - DimDate cargado con éxito.
2025-03-25 14:06:03 - INFO - Iniciando carga de FactSales...
2025-03-25 14:06:03 - INFO - Intentando conectar a la base de datos...
2025-03-25 14:06:05 - INFO - Intentando conectar a la base de datos...
2025-03-25 14:10:05 - INFO - FactSales cargada con éxito.
2025-03-25 14:10:05 - INFO - Iniciando carga de DimEmployee...
2025-03-25 14:10:05 - INFO - Intentando conectar a la base de datos...
2025-03-25 14:10:06 - INFO - Intentando conectar a la base de datos...
2025-03-25 14:10:06 - INFO - DimEmployee cargado con éxito.
2025-03-25 14:10:06 - INFO - Iniciando carga de DimVendor...
2025-03-25 14:10:06 - INFO - Intentando conectar a la base de datos...
2025-03-25 14:10:06 - INFO - Intentando conectar a la base de datos...
2025-03-25 14:10:06 - INFO - DimVendor cargado con éxito.
2025-03-25 14:10:06 - INFO - Iniciando carga de DimLocation...
2025-03-25 14:10:06 - INFO - Intentando conectar a la base de datos...
2025-03-25 14:10:06 - INFO - Intentando conectar a la base de datos...
2025-03-25 14:10:06 - INFO - DimLocation cargado con éxito.
2025-03-25 14:10:06 - INFO - Iniciando carga de FactPurchases...
2025-03-25 14:10:06 - INFO - Intentando conectar a la base de datos...
2025-03-25 14:10:06 - INFO - Intentando conectar a la base de datos...
2025-03-25 14:10:10 - INFO - FactPurchases cargada con éxito.
2025-03-25 14:10:10 - INFO - Iniciando carga de FactInventory...
2025-03-25 14:10:10 - INFO - Intentando conectar a la base de datos...
2025-03-25 14:10:10 - INFO - Intentando conectar a la base de datos...
2025-03-25 14:10:11 - INFO - FactInventory cargada con éxito.
2025-03-25 14:10:11 - INFO - --------------PROCESO ETL FINALIZADO.--------------
2025-03-25 14:10:11 - INFO - Intentando conectar a la base de datos...
2025-03-25 14:10:11 - INFO - BI cargado con éxito.
